<?xml version="1.0" encoding="UTF-8"?>
<testsuite name="org.tw.bootcamp.ParkingLotTest" tests="1" skipped="0" failures="0" errors="0" timestamp="2023-09-13T02:13:25" hostname="Neerajs-MacBook-Pro.local" time="0.008">
  <properties/>
  <testcase name="shouldParkTheCarIfSlotIsFree()" classname="org.tw.bootcamp.ParkingLotTest" time="0.008"/>
  <system-out><![CDATA[]]></system-out>
  <system-err><![CDATA[]]></system-err>
</testsuite>
